RUN	restfulApi.RestfulApi	restfulapi	1720799282708	 	3.11.3
USER	restFullAPi	START	1720799283228
REQUEST		Create Object restfulApi	1720799283248	1720799284262	OK	 
REQUEST		Update Object restfulApi	1720799284318	1720799284598	OK	 
REQUEST		Update Object restfulApi	1720799284602	1720799286606	OK	 
USER	restFullAPi	END	1720799286609
USER	restFullAPi	START	1720799286610
REQUEST		Create Object restfulApi	1720799286611	1720799287124	OK	 
REQUEST		Update Object restfulApi	1720799287126	1720799287420	OK	 
REQUEST		Update Object restfulApi	1720799287421	1720799288220	OK	 
USER	restFullAPi	END	1720799288222
USER	restFullAPi	START	1720799288223
REQUEST		Create Object restfulApi	1720799288224	1720799288523	OK	 
REQUEST		Update Object restfulApi	1720799288525	1720799289334	OK	 
REQUEST		Update Object restfulApi	1720799289336	1720799289618	OK	 
USER	restFullAPi	END	1720799289620
USER	restFullAPi	START	1720799289621
REQUEST		Create Object restfulApi	1720799289621	1720799289921	OK	 
REQUEST		Update Object restfulApi	1720799289922	1720799290755	OK	 
REQUEST		Update Object restfulApi	1720799290756	1720799290996	OK	 
USER	restFullAPi	END	1720799290998
USER	restFullAPi	START	1720799290999
REQUEST		Create Object restfulApi	1720799290999	1720799293025	OK	 
REQUEST		Update Object restfulApi	1720799293026	1720799293322	OK	 
REQUEST		Update Object restfulApi	1720799293323	1720799293568	OK	 
USER	restFullAPi	END	1720799293570
