RUN	restfulApi.RestfulApi	restfulapi	1720803157371	 	3.11.3
USER	restFullAPi	START	1720803158055
REQUEST		Create Object restfulApi	1720803158074	1720803158535	OK	 
REQUEST		Update Object restfulApi	1720803158594	1720803158968	OK	 
REQUEST		Update Object restfulApi	1720803158971	1720803159269	OK	 
USER	restFullAPi	END	1720803159273
USER	restFullAPi	START	1720803159274
REQUEST		Create Object restfulApi	1720803159274	1720803159620	OK	 
REQUEST		Update Object restfulApi	1720803159623	1720803159970	OK	 
REQUEST		Update Object restfulApi	1720803159971	1720803160275	OK	 
USER	restFullAPi	END	1720803160277
USER	restFullAPi	START	1720803160277
REQUEST		Create Object restfulApi	1720803160278	1720803161383	OK	 
REQUEST		Update Object restfulApi	1720803161384	1720803161742	OK	 
REQUEST		Update Object restfulApi	1720803161743	1720803162806	OK	 
USER	restFullAPi	END	1720803162809
USER	restFullAPi	START	1720803162811
REQUEST		Create Object restfulApi	1720803162812	1720803163170	OK	 
REQUEST		Update Object restfulApi	1720803163171	1720803164280	OK	 
REQUEST		Update Object restfulApi	1720803164281	1720803164563	OK	 
USER	restFullAPi	END	1720803164565
USER	restFullAPi	START	1720803164566
REQUEST		Create Object restfulApi	1720803164567	1720803164960	OK	 
REQUEST		Update Object restfulApi	1720803164961	1720803165313	OK	 
REQUEST		Update Object restfulApi	1720803165314	1720803165615	OK	 
USER	restFullAPi	END	1720803165617
USER	restFullAPi	START	1720803165618
REQUEST		Create Object restfulApi	1720803165618	1720803165976	OK	 
REQUEST		Update Object restfulApi	1720803165977	1720803166349	OK	 
REQUEST		Update Object restfulApi	1720803166350	1720803166664	OK	 
USER	restFullAPi	END	1720803166666
USER	restFullAPi	START	1720803166667
REQUEST		Create Object restfulApi	1720803166667	1720803167006	OK	 
REQUEST		Update Object restfulApi	1720803167008	1720803167370	OK	 
REQUEST		Update Object restfulApi	1720803167371	1720803167708	OK	 
USER	restFullAPi	END	1720803167709
USER	restFullAPi	START	1720803167710
REQUEST		Create Object restfulApi	1720803167710	1720803168783	OK	 
REQUEST		Update Object restfulApi	1720803168784	1720803169157	OK	 
REQUEST		Update Object restfulApi	1720803169158	1720803169461	OK	 
USER	restFullAPi	END	1720803169463
