RUN	restfulApi.RestfulApi	restfulapi	1720808916963	 	3.11.3
USER	restFullAPi	START	1720808917461
REQUEST		Create Object restfulApi	1720808917479	1720808917891	OK	 
REQUEST		Update Object restfulApi	1720808917952	1720808918244	OK	 
REQUEST		Update Object restfulApi	1720808918246	1720808918487	OK	 
USER	restFullAPi	END	1720808918490
USER	restFullAPi	START	1720808918491
REQUEST		Create Object restfulApi	1720808918492	1720808918744	OK	 
REQUEST		Update Object restfulApi	1720808918746	1720808919032	OK	 
REQUEST		Update Object restfulApi	1720808919034	1720808919268	OK	 
USER	restFullAPi	END	1720808919270
USER	restFullAPi	START	1720808919271
REQUEST		Create Object restfulApi	1720808919271	1720808919534	OK	 
REQUEST		Update Object restfulApi	1720808919535	1720808919791	OK	 
REQUEST		Update Object restfulApi	1720808919793	1720808920039	OK	 
USER	restFullAPi	END	1720808920040
USER	restFullAPi	START	1720808920041
REQUEST		Create Object restfulApi	1720808920042	1720808920300	OK	 
REQUEST		Update Object restfulApi	1720808920301	1720808921246	OK	 
REQUEST		Update Object restfulApi	1720808921247	1720808922015	OK	 
USER	restFullAPi	END	1720808922017
USER	restFullAPi	START	1720808922018
REQUEST		Create Object restfulApi	1720808922018	1720808922310	OK	 
REQUEST		Update Object restfulApi	1720808922312	1720808922602	OK	 
REQUEST		Update Object restfulApi	1720808922603	1720808922846	OK	 
USER	restFullAPi	END	1720808922847
USER	restFullAPi	START	1720808922848
REQUEST		Create Object restfulApi	1720808922849	1720808923606	OK	 
REQUEST		Update Object restfulApi	1720808923608	1720808923920	OK	 
REQUEST		Update Object restfulApi	1720808923921	1720808924152	OK	 
USER	restFullAPi	END	1720808924154
USER	restFullAPi	START	1720808924155
REQUEST		Create Object restfulApi	1720808924155	1720808924415	OK	 
REQUEST		Update Object restfulApi	1720808924416	1720808925202	OK	 
REQUEST		Update Object restfulApi	1720808925203	1720808926021	OK	 
USER	restFullAPi	END	1720808926023
USER	restFullAPi	START	1720808926023
REQUEST		Create Object restfulApi	1720808926024	1720808926276	OK	 
REQUEST		Update Object restfulApi	1720808926278	1720808927104	OK	 
REQUEST		Update Object restfulApi	1720808927105	1720808927895	OK	 
USER	restFullAPi	END	1720808927897
