RUN	restfulApi.RestfulApi	restfulapi	1720808317069	 	3.11.3
USER	restFullAPi	START	1720808317640
REQUEST		Create Object restfulApi	1720808317657	1720808318114	OK	 
REQUEST		Update Object restfulApi	1720808318177	1720808318532	OK	 
REQUEST		Update Object restfulApi	1720808318535	1720808318831	OK	 
USER	restFullAPi	END	1720808318835
USER	restFullAPi	START	1720808318835
REQUEST		Create Object restfulApi	1720808318836	1720808319186	OK	 
REQUEST		Update Object restfulApi	1720808319188	1720808319553	OK	 
REQUEST		Update Object restfulApi	1720808319554	1720808319867	OK	 
USER	restFullAPi	END	1720808319869
USER	restFullAPi	START	1720808319870
REQUEST		Create Object restfulApi	1720808319870	1720808320252	OK	 
REQUEST		Update Object restfulApi	1720808320253	1720808320571	OK	 
REQUEST		Update Object restfulApi	1720808320572	1720808320882	OK	 
USER	restFullAPi	END	1720808320885
USER	restFullAPi	START	1720808320886
REQUEST		Create Object restfulApi	1720808320887	1720808321275	OK	 
REQUEST		Update Object restfulApi	1720808321276	1720808321651	OK	 
REQUEST		Update Object restfulApi	1720808321653	1720808321972	OK	 
USER	restFullAPi	END	1720808321974
USER	restFullAPi	START	1720808321974
REQUEST		Create Object restfulApi	1720808321975	1720808323094	OK	 
REQUEST		Update Object restfulApi	1720808323096	1720808324228	OK	 
REQUEST		Update Object restfulApi	1720808324229	1720808324535	OK	 
USER	restFullAPi	END	1720808324536
USER	restFullAPi	START	1720808324537
REQUEST		Create Object restfulApi	1720808324538	1720808324880	OK	 
REQUEST		Update Object restfulApi	1720808324881	1720808325215	OK	 
REQUEST		Update Object restfulApi	1720808325216	1720808325541	OK	 
USER	restFullAPi	END	1720808325543
USER	restFullAPi	START	1720808325543
REQUEST		Create Object restfulApi	1720808325544	1720808325918	OK	 
REQUEST		Update Object restfulApi	1720808325919	1720808326263	OK	 
REQUEST		Update Object restfulApi	1720808326264	1720808326557	OK	 
USER	restFullAPi	END	1720808326559
USER	restFullAPi	START	1720808326559
REQUEST		Create Object restfulApi	1720808326559	1720808326882	OK	 
REQUEST		Update Object restfulApi	1720808326883	1720808327249	OK	 
REQUEST		Update Object restfulApi	1720808327250	1720808327551	OK	 
USER	restFullAPi	END	1720808327553
USER	restFullAPi	START	1720808327553
REQUEST		Create Object restfulApi	1720808327554	1720808328749	OK	 
REQUEST		Update Object restfulApi	1720808328750	1720808329109	OK	 
REQUEST		Update Object restfulApi	1720808329110	1720808329430	OK	 
USER	restFullAPi	END	1720808329431
