RUN	restfulApi.RestfulApi	restfulapi	1720798452435	 	3.11.3
USER	restFullAPi	START	1720798453087
USER	restFullAPi	START	1720798453185
USER	restFullAPi	START	1720798453286
USER	restFullAPi	START	1720798453386
USER	restFullAPi	START	1720798453487
USER	restFullAPi	START	1720798453588
USER	restFullAPi	START	1720798453689
REQUEST		Create Object restfulApi	1720798453387	1720798453657	OK	 
REQUEST		Create Object restfulApi	1720798453185	1720798453781	OK	 
USER	restFullAPi	START	1720798453789
REQUEST		Create Object restfulApi	1720798453106	1720798453825	OK	 
REQUEST		Create Object restfulApi	1720798453589	1720798453870	OK	 
USER	restFullAPi	START	1720798453889
REQUEST		Create Object restfulApi	1720798453488	1720798453968	OK	 
USER	restFullAPi	START	1720798453990
REQUEST		Update Object restfulApi	1720798453722	1720798454018	OK	 
REQUEST		Update Object restfulApi	1720798453783	1720798454031	OK	 
REQUEST		Create Object restfulApi	1720798453790	1720798454085	OK	 
REQUEST		Update Object restfulApi	1720798453871	1720798454127	OK	 
REQUEST		Create Object restfulApi	1720798453691	1720798454183	OK	 
REQUEST		Create Object restfulApi	1720798453991	1720798454248	OK	 
REQUEST		Update Object restfulApi	1720798454020	1720798454257	OK	 
USER	restFullAPi	END	1720798454260
USER	restFullAPi	START	1720798454261
REQUEST		Update Object restfulApi	1720798453970	1720798454263	OK	 
REQUEST		Update Object restfulApi	1720798454033	1720798454277	OK	 
USER	restFullAPi	END	1720798454279
USER	restFullAPi	START	1720798454279
REQUEST		Update Object restfulApi	1720798453826	1720798454433	OK	 
REQUEST		Update Object restfulApi	1720798454129	1720798454482	OK	 
USER	restFullAPi	END	1720798454484
USER	restFullAPi	START	1720798454484
REQUEST		Update Object restfulApi	1720798454264	1720798454503	OK	 
USER	restFullAPi	END	1720798454505
USER	restFullAPi	START	1720798454505
REQUEST		Update Object restfulApi	1720798454249	1720798454542	OK	 
REQUEST		Create Object restfulApi	1720798454262	1720798454557	OK	 
REQUEST		Create Object restfulApi	1720798454280	1720798454575	OK	 
REQUEST		Update Object restfulApi	1720798454434	1720798454710	OK	 
REQUEST		Update Object restfulApi	1720798454185	1720798454711	OK	 
USER	restFullAPi	END	1720798454712
USER	restFullAPi	START	1720798454713
REQUEST		Update Object restfulApi	1720798454086	1720798454739	OK	 
REQUEST		Update Object restfulApi	1720798454543	1720798454782	OK	 
USER	restFullAPi	END	1720798454784
USER	restFullAPi	START	1720798454784
REQUEST		Update Object restfulApi	1720798454576	1720798454885	OK	 
REQUEST		Create Object restfulApi	1720798454506	1720798455051	OK	 
REQUEST		Update Object restfulApi	1720798454712	1720798455058	OK	 
USER	restFullAPi	END	1720798455060
USER	restFullAPi	START	1720798455060
REQUEST		Create Object restfulApi	1720798453890	1720798455112	OK	 
REQUEST		Update Object restfulApi	1720798454886	1720798455130	OK	 
USER	restFullAPi	END	1720798455131
USER	restFullAPi	START	1720798455132
REQUEST		Create Object restfulApi	1720798454785	1720798455135	OK	 
REQUEST		Update Object restfulApi	1720798454740	1720798455209	OK	 
USER	restFullAPi	END	1720798455210
USER	restFullAPi	START	1720798455211
REQUEST		Create Object restfulApi	1720798454714	1720798455245	OK	 
REQUEST		Create Object restfulApi	1720798455061	1720798455349	OK	 
REQUEST		Update Object restfulApi	1720798455052	1720798455356	OK	 
REQUEST		Update Object restfulApi	1720798454559	1720798455361	OK	 
REQUEST		Update Object restfulApi	1720798455136	1720798455380	OK	 
REQUEST		Create Object restfulApi	1720798453286	1720798455389	OK	 
REQUEST		Update Object restfulApi	1720798455246	1720798455540	OK	 
REQUEST		Update Object restfulApi	1720798455357	1720798455597	OK	 
USER	restFullAPi	END	1720798455599
USER	restFullAPi	START	1720798455599
REQUEST		Update Object restfulApi	1720798455361	1720798455602	OK	 
USER	restFullAPi	END	1720798455603
USER	restFullAPi	START	1720798455603
REQUEST		Update Object restfulApi	1720798455380	1720798455621	OK	 
USER	restFullAPi	END	1720798455622
USER	restFullAPi	START	1720798455623
REQUEST		Update Object restfulApi	1720798455350	1720798455634	OK	 
REQUEST		Create Object restfulApi	1720798455132	1720798455739	OK	 
REQUEST		Create Object restfulApi	1720798455604	1720798455853	OK	 
REQUEST		Update Object restfulApi	1720798455635	1720798455871	OK	 
USER	restFullAPi	END	1720798455872
USER	restFullAPi	START	1720798455873
REQUEST		Create Object restfulApi	1720798455600	1720798455986	OK	 
REQUEST		Update Object restfulApi	1720798455541	1720798456030	OK	 
USER	restFullAPi	END	1720798456031
USER	restFullAPi	START	1720798456032
REQUEST		Update Object restfulApi	1720798455113	1720798456036	OK	 
REQUEST		Update Object restfulApi	1720798455740	1720798456044	OK	 
REQUEST		Create Object restfulApi	1720798454484	1720798456122	OK	 
REQUEST		Update Object restfulApi	1720798455854	1720798456130	OK	 
REQUEST		Create Object restfulApi	1720798455623	1720798456132	OK	 
REQUEST		Create Object restfulApi	1720798455211	1720798456202	OK	 
REQUEST		Update Object restfulApi	1720798456045	1720798456285	OK	 
USER	restFullAPi	END	1720798456286
USER	restFullAPi	START	1720798456287
REQUEST		Create Object restfulApi	1720798456032	1720798456292	OK	 
REQUEST		Update Object restfulApi	1720798456037	1720798456304	OK	 
USER	restFullAPi	END	1720798456305
USER	restFullAPi	START	1720798456305
REQUEST		Update Object restfulApi	1720798455390	1720798456362	OK	 
REQUEST		Update Object restfulApi	1720798456131	1720798456362	OK	 
USER	restFullAPi	END	1720798456363
USER	restFullAPi	START	1720798456363
REQUEST		Update Object restfulApi	1720798456133	1720798456378	OK	 
REQUEST		Create Object restfulApi	1720798455873	1720798456453	OK	 
REQUEST		Update Object restfulApi	1720798456203	1720798456492	OK	 
REQUEST		Update Object restfulApi	1720798456124	1720798456514	OK	 
REQUEST		Update Object restfulApi	1720798456363	1720798456600	OK	 
USER	restFullAPi	END	1720798456602
USER	restFullAPi	START	1720798456602
REQUEST		Update Object restfulApi	1720798456493	1720798456739	OK	 
USER	restFullAPi	END	1720798456740
USER	restFullAPi	START	1720798456740
REQUEST		Update Object restfulApi	1720798456515	1720798456750	OK	 
USER	restFullAPi	END	1720798456751
USER	restFullAPi	START	1720798456751
REQUEST		Create Object restfulApi	1720798456305	1720798456752	OK	 
REQUEST		Update Object restfulApi	1720798456454	1720798456762	OK	 
REQUEST		Create Object restfulApi	1720798456287	1720798456801	OK	 
REQUEST		Update Object restfulApi	1720798455987	1720798456834	OK	 
REQUEST		Create Object restfulApi	1720798456603	1720798456899	OK	 
REQUEST		Update Object restfulApi	1720798456763	1720798457004	OK	 
USER	restFullAPi	END	1720798457006
USER	restFullAPi	START	1720798457006
REQUEST		Update Object restfulApi	1720798456293	1720798457090	OK	 
REQUEST		Update Object restfulApi	1720798456379	1720798457182	OK	 
USER	restFullAPi	END	1720798457183
USER	restFullAPi	START	1720798457184
REQUEST		Update Object restfulApi	1720798456803	1720798457288	OK	 
REQUEST		Create Object restfulApi	1720798456741	1720798457289	OK	 
REQUEST		Update Object restfulApi	1720798456753	1720798457347	OK	 
REQUEST		Update Object restfulApi	1720798457091	1720798457434	OK	 
USER	restFullAPi	END	1720798457436
USER	restFullAPi	START	1720798457436
REQUEST		Create Object restfulApi	1720798457184	1720798457442	OK	 
REQUEST		Update Object restfulApi	1720798456900	1720798457481	OK	 
REQUEST		Update Object restfulApi	1720798456835	1720798457607	OK	 
USER	restFullAPi	END	1720798457609
USER	restFullAPi	START	1720798457609
REQUEST		Update Object restfulApi	1720798457348	1720798457676	OK	 
USER	restFullAPi	END	1720798457678
USER	restFullAPi	START	1720798457678
REQUEST		Update Object restfulApi	1720798457443	1720798457697	OK	 
REQUEST		Update Object restfulApi	1720798457482	1720798457707	OK	 
USER	restFullAPi	END	1720798457708
USER	restFullAPi	START	1720798457708
REQUEST		Update Object restfulApi	1720798457289	1720798457816	OK	 
USER	restFullAPi	END	1720798457817
USER	restFullAPi	START	1720798457818
REQUEST		Create Object restfulApi	1720798456364	1720798457870	OK	 
REQUEST		Create Object restfulApi	1720798457610	1720798457883	OK	 
REQUEST		Update Object restfulApi	1720798457698	1720798457946	OK	 
USER	restFullAPi	END	1720798457947
USER	restFullAPi	START	1720798457948
REQUEST		Create Object restfulApi	1720798457679	1720798457999	OK	 
REQUEST		Create Object restfulApi	1720798457436	1720798458016	OK	 
REQUEST		Create Object restfulApi	1720798457709	1720798458053	OK	 
REQUEST		Create Object restfulApi	1720798457818	1720798458083	OK	 
REQUEST		Update Object restfulApi	1720798457290	1720798458120	OK	 
REQUEST		Update Object restfulApi	1720798457884	1720798458167	OK	 
REQUEST		Create Object restfulApi	1720798456752	1720798458216	OK	 
REQUEST		Update Object restfulApi	1720798458017	1720798458272	OK	 
REQUEST		Update Object restfulApi	1720798457872	1720798458294	OK	 
REQUEST		Update Object restfulApi	1720798458054	1720798458306	OK	 
REQUEST		Update Object restfulApi	1720798458000	1720798458323	OK	 
REQUEST		Create Object restfulApi	1720798457948	1720798458326	OK	 
REQUEST		Update Object restfulApi	1720798458168	1720798458412	OK	 
USER	restFullAPi	END	1720798458413
USER	restFullAPi	START	1720798458414
REQUEST		Update Object restfulApi	1720798458273	1720798458506	OK	 
USER	restFullAPi	END	1720798458507
USER	restFullAPi	START	1720798458508
REQUEST		Update Object restfulApi	1720798458294	1720798458538	OK	 
USER	restFullAPi	END	1720798458539
USER	restFullAPi	START	1720798458540
REQUEST		Update Object restfulApi	1720798458217	1720798458579	OK	 
REQUEST		Update Object restfulApi	1720798458324	1720798458590	OK	 
USER	restFullAPi	END	1720798458591
USER	restFullAPi	START	1720798458591
REQUEST		Update Object restfulApi	1720798458327	1720798458611	OK	 
REQUEST		Update Object restfulApi	1720798458121	1720798458651	OK	 
USER	restFullAPi	END	1720798458652
USER	restFullAPi	START	1720798458652
REQUEST		Update Object restfulApi	1720798458306	1720798458738	OK	 
USER	restFullAPi	END	1720798458740
USER	restFullAPi	START	1720798458740
REQUEST		Create Object restfulApi	1720798458508	1720798458771	OK	 
REQUEST		Update Object restfulApi	1720798458612	1720798458852	OK	 
USER	restFullAPi	END	1720798458853
USER	restFullAPi	START	1720798458854
REQUEST		Update Object restfulApi	1720798458084	1720798458921	OK	 
REQUEST		Create Object restfulApi	1720798457006	1720798458933	OK	 
REQUEST		Create Object restfulApi	1720798458414	1720798458963	OK	 
REQUEST		Create Object restfulApi	1720798458592	1720798458977	OK	 
REQUEST		Update Object restfulApi	1720798458772	1720798459065	OK	 
REQUEST		Create Object restfulApi	1720798458540	1720798459080	OK	 
REQUEST		Create Object restfulApi	1720798458854	1720798459105	OK	 
REQUEST		Update Object restfulApi	1720798458922	1720798459159	OK	 
USER	restFullAPi	END	1720798459160
USER	restFullAPi	START	1720798459160
REQUEST		Update Object restfulApi	1720798458934	1720798459231	OK	 
REQUEST		Update Object restfulApi	1720798458964	1720798459290	OK	 
REQUEST		Update Object restfulApi	1720798459066	1720798459318	OK	 
USER	restFullAPi	END	1720798459319
USER	restFullAPi	START	1720798459320
REQUEST		Update Object restfulApi	1720798458580	1720798459368	OK	 
USER	restFullAPi	END	1720798459369
USER	restFullAPi	START	1720798459369
REQUEST		Update Object restfulApi	1720798458978	1720798459371	OK	 
REQUEST		Update Object restfulApi	1720798459081	1720798459408	OK	 
REQUEST		Update Object restfulApi	1720798459232	1720798459488	OK	 
USER	restFullAPi	END	1720798459489
USER	restFullAPi	START	1720798459489
REQUEST		Update Object restfulApi	1720798459371	1720798459640	OK	 
USER	restFullAPi	END	1720798459641
USER	restFullAPi	START	1720798459641
REQUEST		Update Object restfulApi	1720798459106	1720798459644	OK	 
REQUEST		Update Object restfulApi	1720798459409	1720798459676	OK	 
USER	restFullAPi	END	1720798459677
USER	restFullAPi	START	1720798459678
REQUEST		Create Object restfulApi	1720798459161	1720798459756	OK	 
REQUEST		Create Object restfulApi	1720798459490	1720798459798	OK	 
REQUEST		Update Object restfulApi	1720798459291	1720798459813	OK	 
USER	restFullAPi	END	1720798459814
USER	restFullAPi	START	1720798459814
REQUEST		Create Object restfulApi	1720798459370	1720798459822	OK	 
REQUEST		Update Object restfulApi	1720798459645	1720798459887	OK	 
USER	restFullAPi	END	1720798459888
USER	restFullAPi	START	1720798459888
REQUEST		Create Object restfulApi	1720798459320	1720798459919	OK	 
REQUEST		Create Object restfulApi	1720798459678	1720798459944	OK	 
REQUEST		Create Object restfulApi	1720798459642	1720798459958	OK	 
REQUEST		Update Object restfulApi	1720798459757	1720798460043	OK	 
REQUEST		Create Object restfulApi	1720798459815	1720798460107	OK	 
REQUEST		Update Object restfulApi	1720798459945	1720798460190	OK	 
REQUEST		Update Object restfulApi	1720798459920	1720798460221	OK	 
REQUEST		Update Object restfulApi	1720798459798	1720798460235	OK	 
REQUEST		Update Object restfulApi	1720798460043	1720798460284	OK	 
USER	restFullAPi	END	1720798460285
USER	restFullAPi	START	1720798460285
REQUEST		Update Object restfulApi	1720798460108	1720798460350	OK	 
REQUEST		Create Object restfulApi	1720798458740	1720798460351	OK	 
REQUEST		Create Object restfulApi	1720798459889	1720798460428	OK	 
REQUEST		Update Object restfulApi	1720798460222	1720798460459	OK	 
USER	restFullAPi	END	1720798460460
USER	restFullAPi	START	1720798460460
REQUEST		Create Object restfulApi	1720798458653	1720798460529	OK	 
REQUEST		Update Object restfulApi	1720798459823	1720798460605	OK	 
REQUEST		Update Object restfulApi	1720798460350	1720798460615	OK	 
USER	restFullAPi	END	1720798460616
USER	restFullAPi	START	1720798460617
REQUEST		Update Object restfulApi	1720798460352	1720798460626	OK	 
REQUEST		Update Object restfulApi	1720798460236	1720798460702	OK	 
USER	restFullAPi	END	1720798460703
USER	restFullAPi	START	1720798460703
REQUEST		Update Object restfulApi	1720798459959	1720798460779	OK	 
REQUEST		Update Object restfulApi	1720798460530	1720798460817	OK	 
REQUEST		Update Object restfulApi	1720798460626	1720798460860	OK	 
USER	restFullAPi	END	1720798460861
USER	restFullAPi	START	1720798460861
REQUEST		Create Object restfulApi	1720798460461	1720798460937	OK	 
REQUEST		Create Object restfulApi	1720798460704	1720798460954	OK	 
REQUEST		Update Object restfulApi	1720798460191	1720798460970	OK	 
USER	restFullAPi	END	1720798460971
USER	restFullAPi	START	1720798460971
REQUEST		Update Object restfulApi	1720798460818	1720798461054	OK	 
USER	restFullAPi	END	1720798461055
USER	restFullAPi	START	1720798461055
REQUEST		Update Object restfulApi	1720798460606	1720798461088	OK	 
USER	restFullAPi	END	1720798461089
USER	restFullAPi	START	1720798461090
REQUEST		Update Object restfulApi	1720798460938	1720798461190	OK	 
REQUEST		Create Object restfulApi	1720798460286	1720798461194	OK	 
REQUEST		Update Object restfulApi	1720798460429	1720798461255	OK	 
REQUEST		Update Object restfulApi	1720798460955	1720798461305	OK	 
REQUEST		Create Object restfulApi	1720798460862	1720798461419	OK	 
REQUEST		Update Object restfulApi	1720798461191	1720798461430	OK	 
USER	restFullAPi	END	1720798461431
USER	restFullAPi	START	1720798461431
REQUEST		Create Object restfulApi	1720798461090	1720798461433	OK	 
REQUEST		Update Object restfulApi	1720798461195	1720798461441	OK	 
REQUEST		Create Object restfulApi	1720798460972	1720798461516	OK	 
REQUEST		Update Object restfulApi	1720798461305	1720798461543	OK	 
USER	restFullAPi	END	1720798461544
USER	restFullAPi	START	1720798461544
REQUEST		Update Object restfulApi	1720798460780	1720798461568	OK	 
USER	restFullAPi	END	1720798461568
USER	restFullAPi	START	1720798461569
REQUEST		Update Object restfulApi	1720798461441	1720798461675	OK	 
USER	restFullAPi	END	1720798461676
USER	restFullAPi	START	1720798461677
REQUEST		Update Object restfulApi	1720798461420	1720798461730	OK	 
REQUEST		Update Object restfulApi	1720798461517	1720798461804	OK	 
REQUEST		Create Object restfulApi	1720798461544	1720798461830	OK	 
REQUEST		Create Object restfulApi	1720798461431	1720798461859	OK	 
REQUEST		Create Object restfulApi	1720798461677	1720798461962	OK	 
REQUEST		Update Object restfulApi	1720798461434	1720798461972	OK	 
REQUEST		Create Object restfulApi	1720798461569	1720798462034	OK	 
REQUEST		Update Object restfulApi	1720798461805	1720798462053	OK	 
REQUEST		Update Object restfulApi	1720798461256	1720798462053	OK	 
USER	restFullAPi	END	1720798462054
USER	restFullAPi	END	1720798462055
USER	restFullAPi	START	1720798462055
USER	restFullAPi	START	1720798462055
REQUEST		Create Object restfulApi	1720798461056	1720798462160	OK	 
REQUEST		Update Object restfulApi	1720798461830	1720798462180	OK	 
REQUEST		Update Object restfulApi	1720798461963	1720798462211	OK	 
REQUEST		Update Object restfulApi	1720798461972	1720798462242	OK	 
USER	restFullAPi	END	1720798462243
USER	restFullAPi	START	1720798462243
REQUEST		Update Object restfulApi	1720798461860	1720798462329	OK	 
REQUEST		Update Object restfulApi	1720798462035	1720798462338	OK	 
REQUEST		Update Object restfulApi	1720798462161	1720798462451	OK	 
REQUEST		Update Object restfulApi	1720798462212	1720798462453	OK	 
USER	restFullAPi	END	1720798462454
USER	restFullAPi	START	1720798462454
REQUEST		Create Object restfulApi	1720798462244	1720798462482	OK	 
REQUEST		Create Object restfulApi	1720798462055	1720798462494	OK	 
REQUEST		Update Object restfulApi	1720798461731	1720798462514	OK	 
USER	restFullAPi	END	1720798462515
USER	restFullAPi	START	1720798462515
REQUEST		Create Object restfulApi	1720798460617	1720798462542	OK	 
REQUEST		Update Object restfulApi	1720798462338	1720798462578	OK	 
USER	restFullAPi	END	1720798462579
USER	restFullAPi	START	1720798462579
REQUEST		Update Object restfulApi	1720798462330	1720798462621	OK	 
USER	restFullAPi	END	1720798462622
USER	restFullAPi	START	1720798462622
REQUEST		Update Object restfulApi	1720798462181	1720798462644	OK	 
USER	restFullAPi	END	1720798462645
USER	restFullAPi	START	1720798462645
REQUEST		Create Object restfulApi	1720798462055	1720798462687	OK	 
REQUEST		Update Object restfulApi	1720798462452	1720798462692	OK	 
USER	restFullAPi	END	1720798462693
USER	restFullAPi	START	1720798462693
REQUEST		Create Object restfulApi	1720798462454	1720798462723	OK	 
REQUEST		Update Object restfulApi	1720798462494	1720798462747	OK	 
REQUEST		Update Object restfulApi	1720798462483	1720798462768	OK	 
REQUEST		Update Object restfulApi	1720798462543	1720798462792	OK	 
REQUEST		Create Object restfulApi	1720798462515	1720798462837	KO	status.find.is(200), but actually found 405
ERROR	Update Object restfulApi: No attribute named 'id' is defined 	1720798462849
ERROR	Update Object restfulApi: No attribute named 'id' is defined 	1720798462849
USER	restFullAPi	END	1720798462850
USER	restFullAPi	START	1720798462850
REQUEST		Create Object restfulApi	1720798462623	1720798462861	KO	status.find.is(200), but actually found 405
ERROR	Update Object restfulApi: No attribute named 'id' is defined 	1720798462862
ERROR	Update Object restfulApi: No attribute named 'id' is defined 	1720798462862
USER	restFullAPi	END	1720798462862
USER	restFullAPi	START	1720798462863
REQUEST		Update Object restfulApi	1720798462748	1720798463006	KO	status.find.is(200), but actually found 405
USER	restFullAPi	END	1720798463007
USER	restFullAPi	START	1720798463008
REQUEST		Update Object restfulApi	1720798462793	1720798463037	KO	status.find.is(200), but actually found 405
USER	restFullAPi	END	1720798463039
USER	restFullAPi	START	1720798463039
REQUEST		Update Object restfulApi	1720798462768	1720798463085	KO	status.find.is(200), but actually found 405
USER	restFullAPi	END	1720798463087
USER	restFullAPi	START	1720798463087
REQUEST		Create Object restfulApi	1720798462850	1720798463094	KO	status.find.is(200), but actually found 405
ERROR	Update Object restfulApi: No attribute named 'id' is defined 	1720798463095
ERROR	Update Object restfulApi: No attribute named 'id' is defined 	1720798463095
USER	restFullAPi	END	1720798463096
REQUEST		Create Object restfulApi	1720798462646	1720798463154	KO	status.find.is(200), but actually found 405
ERROR	Update Object restfulApi: No attribute named 'id' is defined 	1720798463155
ERROR	Update Object restfulApi: No attribute named 'id' is defined 	1720798463155
USER	restFullAPi	END	1720798463155
REQUEST		Update Object restfulApi	1720798462724	1720798463209	KO	status.find.is(200), but actually found 405
REQUEST		Create Object restfulApi	1720798462863	1720798463302	KO	status.find.is(200), but actually found 405
ERROR	Update Object restfulApi: No attribute named 'id' is defined 	1720798463303
ERROR	Update Object restfulApi: No attribute named 'id' is defined 	1720798463303
USER	restFullAPi	END	1720798463304
REQUEST		Create Object restfulApi	1720798462580	1720798463345	KO	status.find.is(200), but actually found 405
ERROR	Update Object restfulApi: No attribute named 'id' is defined 	1720798463346
ERROR	Update Object restfulApi: No attribute named 'id' is defined 	1720798463346
USER	restFullAPi	END	1720798463347
REQUEST		Create Object restfulApi	1720798463087	1720798463443	KO	status.find.is(200), but actually found 405
ERROR	Update Object restfulApi: No attribute named 'id' is defined 	1720798463444
ERROR	Update Object restfulApi: No attribute named 'id' is defined 	1720798463444
USER	restFullAPi	END	1720798463445
REQUEST		Update Object restfulApi	1720798462688	1720798463471	KO	status.find.is(200), but actually found 405
REQUEST		Create Object restfulApi	1720798463008	1720798463509	KO	status.find.is(200), but actually found 405
ERROR	Update Object restfulApi: No attribute named 'id' is defined 	1720798463510
ERROR	Update Object restfulApi: No attribute named 'id' is defined 	1720798463510
USER	restFullAPi	END	1720798463511
REQUEST		Create Object restfulApi	1720798463040	1720798463535	KO	status.find.is(200), but actually found 405
ERROR	Update Object restfulApi: No attribute named 'id' is defined 	1720798463536
ERROR	Update Object restfulApi: No attribute named 'id' is defined 	1720798463536
USER	restFullAPi	END	1720798463537
REQUEST		Update Object restfulApi	1720798463472	1720798463705	KO	status.find.is(200), but actually found 405
USER	restFullAPi	END	1720798463706
REQUEST		Update Object restfulApi	1720798463210	1720798463976	KO	status.find.is(200), but actually found 405
USER	restFullAPi	END	1720798463977
REQUEST		Create Object restfulApi	1720798462694	1720798464361	KO	status.find.is(200), but actually found 405
ERROR	Update Object restfulApi: No attribute named 'id' is defined 	1720798464362
ERROR	Update Object restfulApi: No attribute named 'id' is defined 	1720798464362
USER	restFullAPi	END	1720798464363
